2024-09-05T19:25:57.343Z [ERROR]: Error reading file: C:\Users\Lenovo\SUMMER .2024\SIC\Brackets_Nodejs\NodeExample\input.txt - ENOENT: no such file or directory, open 'C:\Users\Lenovo\SUMMER .2024\SIC\Brackets_Nodejs\NodeExample\input.txt'
2024-09-05T19:26:08.764Z [ERROR]: Error reading file: C:\Users\Lenovo\SUMMER .2024\SIC\Brackets_Nodejs\NodeExample\input.txt - ENOENT: no such file or directory, open 'C:\Users\Lenovo\SUMMER .2024\SIC\Brackets_Nodejs\NodeExample\input.txt'
2024-09-05T19:27:21.193Z [ERROR]: Error reading file: C:\Users\Lenovo\SUMMER .2024\SIC\Brackets_Nodejs\NodeExample\input.txt - ENOENT: no such file or directory, open 'C:\Users\Lenovo\SUMMER .2024\SIC\Brackets_Nodejs\NodeExample\input.txt'
2024-09-05T19:56:01.495Z [ERROR]: Error reading file: C:\Users\Lenovo\SUMMER .2024\SIC\Brackets_Nodejs\NodeExample\input.txt - ENOENT: no such file or directory, open 'C:\Users\Lenovo\SUMMER .2024\SIC\Brackets_Nodejs\NodeExample\input.txt'
2024-09-05T20:01:28.767Z [ERROR]: Error reading file: C:\Users\Lenovo\SUMMER .2024\SIC\Brackets_Nodejs\NodeExample\input.txt - ENOENT: no such file or directory, open 'C:\Users\Lenovo\SUMMER .2024\SIC\Brackets_Nodejs\NodeExample\input.txt'
2024-09-05T20:03:02.341Z [ERROR]: Error reading file: C:\Users\Lenovo\SUMMER .2024\SIC\Brackets_Nodejs\NodeExample\input.txt - ENOENT: no such file or directory, open 'C:\Users\Lenovo\SUMMER .2024\SIC\Brackets_Nodejs\NodeExample\input.txt'
2024-09-05T20:04:56.317Z [INFO]: Script is starting...
2024-09-05T20:04:56.320Z [INFO]: Input file path: C:\Users\Lenovo\SUMMER .2024\SIC\Brackets_Nodejs\NodeExample\input.txt
2024-09-05T20:04:56.320Z [INFO]: Output file path: C:\Users\Lenovo\SUMMER .2024\SIC\Brackets_Nodejs\NodeExample\output.txt
2024-09-05T20:04:56.321Z [INFO]: Starting file processing...
2024-09-05T20:04:56.324Z [ERROR]: Error reading file: C:\Users\Lenovo\SUMMER .2024\SIC\Brackets_Nodejs\NodeExample\input.txt - ENOENT: no such file or directory, open 'C:\Users\Lenovo\SUMMER .2024\SIC\Brackets_Nodejs\NodeExample\input.txt'
2024-09-05T20:08:05.254Z [INFO]: Script is starting...
2024-09-05T20:08:05.256Z [INFO]: Input file path: C:\Users\Lenovo\SUMMER .2024\SIC\Brackets_Nodejs\NodeExample\input.txt
2024-09-05T20:08:05.257Z [INFO]: Output file path: C:\Users\Lenovo\SUMMER .2024\SIC\Brackets_Nodejs\NodeExample\output.txt
2024-09-05T20:08:05.257Z [INFO]: Starting file processing...
2024-09-05T20:08:05.261Z [INFO]: File read successfully: C:\Users\Lenovo\SUMMER .2024\SIC\Brackets_Nodejs\NodeExample\input.txt
2024-09-05T20:08:05.263Z [INFO]: File written successfully: C:\Users\Lenovo\SUMMER .2024\SIC\Brackets_Nodejs\NodeExample\output.txt
2024-09-05T20:09:43.193Z [INFO]: Script is starting...
2024-09-05T20:09:43.195Z [INFO]: Input file path: C:\Users\Lenovo\SUMMER .2024\SIC\Brackets_Nodejs\NodeExample\input.txt
2024-09-05T20:09:43.196Z [INFO]: Output file path: C:\Users\Lenovo\SUMMER .2024\SIC\Brackets_Nodejs\NodeExample\output.txt
2024-09-05T20:09:43.196Z [INFO]: Starting file processing...
2024-09-05T20:09:43.201Z [INFO]: File read successfully: C:\Users\Lenovo\SUMMER .2024\SIC\Brackets_Nodejs\NodeExample\input.txt
2024-09-05T20:09:43.202Z [INFO]: File written successfully: C:\Users\Lenovo\SUMMER .2024\SIC\Brackets_Nodejs\NodeExample\output.txt
2024-09-05T20:10:47.045Z [INFO]: Script is starting...
2024-09-05T20:10:47.047Z [INFO]: Input file path: C:\Users\Lenovo\SUMMER .2024\SIC\Brackets_Nodejs\NodeExample\input.txt
2024-09-05T20:10:47.047Z [INFO]: Output file path: C:\Users\Lenovo\SUMMER .2024\SIC\Brackets_Nodejs\NodeExample\output.txt
2024-09-05T20:10:47.047Z [INFO]: Starting file processing...
2024-09-05T20:10:47.052Z [INFO]: File read successfully: C:\Users\Lenovo\SUMMER .2024\SIC\Brackets_Nodejs\NodeExample\input.txt
2024-09-05T20:10:47.054Z [INFO]: File written successfully: C:\Users\Lenovo\SUMMER .2024\SIC\Brackets_Nodejs\NodeExample\output.txt
2024-09-05T20:12:10.090Z [INFO]: Script is starting...
2024-09-05T20:12:10.092Z [INFO]: Input file path: C:\Users\Lenovo\SUMMER .2024\SIC\Brackets_Nodejs\NodeExample\input.txt
2024-09-05T20:12:10.092Z [INFO]: Output file path: C:\Users\Lenovo\SUMMER .2024\SIC\Brackets_Nodejs\NodeExample\output.txt
2024-09-05T20:12:10.092Z [INFO]: Starting file processing...
2024-09-05T20:12:10.097Z [INFO]: File read successfully: C:\Users\Lenovo\SUMMER .2024\SIC\Brackets_Nodejs\NodeExample\input.txt
2024-09-05T20:12:10.099Z [INFO]: File written successfully: C:\Users\Lenovo\SUMMER .2024\SIC\Brackets_Nodejs\NodeExample\output.txt
2024-09-05T20:13:30.091Z [INFO]: Script is starting...
2024-09-05T20:13:30.093Z [INFO]: Input file path: C:\Users\Lenovo\SUMMER .2024\SIC\Brackets_Nodejs\NodeExample\input.txt
2024-09-05T20:13:30.094Z [INFO]: Output file path: C:\Users\Lenovo\SUMMER .2024\SIC\Brackets_Nodejs\NodeExample\output.txt
2024-09-05T20:13:30.094Z [INFO]: Starting file processing...
2024-09-05T20:13:30.099Z [INFO]: File read successfully: C:\Users\Lenovo\SUMMER .2024\SIC\Brackets_Nodejs\NodeExample\input.txt
2024-09-05T20:13:30.100Z [INFO]: File written successfully: C:\Users\Lenovo\SUMMER .2024\SIC\Brackets_Nodejs\NodeExample\output.txt
2024-09-05T20:14:09.596Z [INFO]: Script is starting...
2024-09-05T20:14:09.599Z [INFO]: Input file path: C:\Users\Lenovo\SUMMER .2024\SIC\Brackets_Nodejs\NodeExample\input.txt
2024-09-05T20:14:09.600Z [INFO]: Output file path: C:\Users\Lenovo\SUMMER .2024\SIC\Brackets_Nodejs\NodeExample\output.txt
2024-09-05T20:14:09.601Z [INFO]: Starting file processing...
2024-09-05T20:14:09.605Z [INFO]: File read successfully: C:\Users\Lenovo\SUMMER .2024\SIC\Brackets_Nodejs\NodeExample\input.txt
2024-09-05T20:14:09.608Z [INFO]: File written successfully: C:\Users\Lenovo\SUMMER .2024\SIC\Brackets_Nodejs\NodeExample\output.txt
2024-09-05T20:32:27.862Z [INFO]: Script is starting...
2024-09-05T20:32:27.864Z [INFO]: Input file path: C:\Users\Lenovo\SUMMER .2024\SIC\Brackets_Nodejs\NodeExample\input.txt
2024-09-05T20:32:27.865Z [INFO]: Output file path: C:\Users\Lenovo\SUMMER .2024\SIC\Brackets_Nodejs\NodeExample\output.txt
2024-09-05T20:32:27.865Z [INFO]: Starting file processing...
2024-09-05T20:32:27.869Z [INFO]: File read successfully: C:\Users\Lenovo\SUMMER .2024\SIC\Brackets_Nodejs\NodeExample\input.txt
2024-09-05T20:32:27.872Z [INFO]: File written successfully: C:\Users\Lenovo\SUMMER .2024\SIC\Brackets_Nodejs\NodeExample\output.txt
2024-09-05T20:32:29.454Z [INFO]: Script is starting...
2024-09-05T20:32:29.456Z [INFO]: Input file path: C:\Users\Lenovo\SUMMER .2024\SIC\Brackets_Nodejs\NodeExample\input.txt
2024-09-05T20:32:29.456Z [INFO]: Output file path: C:\Users\Lenovo\SUMMER .2024\SIC\Brackets_Nodejs\NodeExample\output.txt
2024-09-05T20:32:29.457Z [INFO]: Starting file processing...
2024-09-05T20:32:29.461Z [INFO]: File read successfully: C:\Users\Lenovo\SUMMER .2024\SIC\Brackets_Nodejs\NodeExample\input.txt
2024-09-05T20:32:29.462Z [INFO]: File written successfully: C:\Users\Lenovo\SUMMER .2024\SIC\Brackets_Nodejs\NodeExample\output.txt
2024-09-05T20:32:31.043Z [INFO]: Script is starting...
2024-09-05T20:32:31.045Z [INFO]: Input file path: C:\Users\Lenovo\SUMMER .2024\SIC\Brackets_Nodejs\NodeExample\input.txt
2024-09-05T20:32:31.045Z [INFO]: Output file path: C:\Users\Lenovo\SUMMER .2024\SIC\Brackets_Nodejs\NodeExample\output.txt
2024-09-05T20:32:31.046Z [INFO]: Starting file processing...
2024-09-05T20:32:31.050Z [INFO]: File read successfully: C:\Users\Lenovo\SUMMER .2024\SIC\Brackets_Nodejs\NodeExample\input.txt
2024-09-05T20:32:31.052Z [INFO]: File written successfully: C:\Users\Lenovo\SUMMER .2024\SIC\Brackets_Nodejs\NodeExample\output.txt
2024-09-05T20:32:39.824Z [INFO]: Script is starting...
2024-09-05T20:32:39.827Z [INFO]: Input file path: C:\Users\Lenovo\SUMMER .2024\SIC\Brackets_Nodejs\NodeExample\input.txt
2024-09-05T20:32:39.827Z [INFO]: Output file path: C:\Users\Lenovo\SUMMER .2024\SIC\Brackets_Nodejs\NodeExample\output.txt
2024-09-05T20:32:39.828Z [INFO]: Starting file processing...
2024-09-05T20:32:39.832Z [INFO]: File read successfully: C:\Users\Lenovo\SUMMER .2024\SIC\Brackets_Nodejs\NodeExample\input.txt
2024-09-05T20:32:39.833Z [INFO]: File written successfully: C:\Users\Lenovo\SUMMER .2024\SIC\Brackets_Nodejs\NodeExample\output.txt
